Using pre-set license
Built from '2021.3/staging' branch; Version is '2021.3.10f1 (1c7d0df0160b) revision 1867021'; Using compiler version '192829333'; Build Type 'Release'
OS: 'Windows 11  (10.0.22000) 64bit Professional' Language: 'nl' Physical Memory: 8097 MB
BatchMode: 1, IsHumanControllingUs: 0, StartBugReporterOnCrash: 0, Is64bit: 1, IsPro: 1

COMMAND LINE ARGUMENTS:
C:\Program Files\Unity\Hub\Editor\2021.3.10f1\Editor\Unity.exe
-adb2
-batchMode
-noUpm
-name
AssetImportWorker0
-projectPath
C:/Users/Administrator/My project (1)
-logFile
Logs/AssetImportWorker0.log
-srvPort
60775
Successfully changed project path to: C:/Users/Administrator/My project (1)
C:/Users/Administrator/My project (1)
[UnityMemory] Configuration Parameters - Can be set up in boot.config
    "memorysetup-bucket-allocator-granularity=16"
    "memorysetup-bucket-allocator-bucket-count=8"
    "memorysetup-bucket-allocator-block-size=33554432"
    "memorysetup-bucket-allocator-block-count=8"
    "memorysetup-main-allocator-block-size=16777216"
    "memorysetup-thread-allocator-block-size=16777216"
    "memorysetup-gfx-main-allocator-block-size=16777216"
    "memorysetup-gfx-thread-allocator-block-size=16777216"
    "memorysetup-cache-allocator-block-size=4194304"
    "memorysetup-typetree-allocator-block-size=2097152"
    "memorysetup-profiler-bucket-allocator-granularity=16"
    "memorysetup-profiler-bucket-allocator-bucket-count=8"
    "memorysetup-profiler-bucket-allocator-block-size=33554432"
    "memorysetup-profiler-bucket-allocator-block-count=8"
    "memorysetup-profiler-allocator-block-size=16777216"
    "memorysetup-profiler-editor-allocator-block-size=1048576"
    "memorysetup-temp-allocator-size-main=16777216"
    "memorysetup-job-temp-allocator-block-size=2097152"
    "memorysetup-job-temp-allocator-block-size-background=1048576"
    "memorysetup-job-temp-allocator-reduction-small-platforms=262144"
    "memorysetup-temp-allocator-size-background-worker=32768"
    "memorysetup-temp-allocator-size-job-worker=262144"
    "memorysetup-temp-allocator-size-preload-manager=33554432"
    "memorysetup-temp-allocator-size-nav-mesh-worker=65536"
    "memorysetup-temp-allocator-size-audio-worker=65536"
    "memorysetup-temp-allocator-size-cloud-worker=32768"
    "memorysetup-temp-allocator-size-gi-baking-worker=262144"
    "memorysetup-temp-allocator-size-gfx=262144"
Unable to join player connection multicast group.
Unable to join player connection alternative multicast group.
Refreshing native plugins compatible for Editor in 141.02 ms, found 4 plugins.
Preloading 0 native plugins for Editor in 0.00 ms.
Initialize engine version: 2021.3.10f1 (1c7d0df0160b)
[Subsystems] Discovering subsystems at path C:/Program Files/Unity/Hub/Editor/2021.3.10f1/Editor/Data/Resources/UnitySubsystems
[Subsystems] Discovering subsystems at path C:/Users/Administrator/My project (1)/Assets
GfxDevice: creating device client; threaded=0; jobified=0
Direct3D:
    Version:  Direct3D 11.0 [level 11.1]
    Renderer: Intel(R) HD Graphics Family (ID=0xa16)
    Vendor:   Intel
    VRAM:     2048 MB
    Driver:   20.19.15.5063
Initialize mono
Mono path[0] = 'C:/Program Files/Unity/Hub/Editor/2021.3.10f1/Editor/Data/Managed'
Mono path[1] = 'C:/Program Files/Unity/Hub/Editor/2021.3.10f1/Editor/Data/MonoBleedingEdge/lib/mono/unityjit-win32'
Mono config path = 'C:/Program Files/Unity/Hub/Editor/2021.3.10f1/Editor/Data/MonoBleedingEdge/etc'
Using monoOptions --debugger-agent=transport=dt_socket,embedding=1,server=y,suspend=n,address=127.0.0.1:56440
Begin MonoManager ReloadAssembly
Registering precompiled unity dll's ...
Register platform support module: C:/Program Files/Unity/Hub/Editor/2021.3.10f1/Editor/Data/PlaybackEngines/WebGLSupport/UnityEditor.WebGL.Extensions.dll
Register platform support module: C:/Program Files/Unity/Hub/Editor/2021.3.10f1/Editor/Data/PlaybackEngines/WindowsStandaloneSupport/UnityEditor.WindowsStandalone.Extensions.dll
Registered in 0.006095 seconds.
Native extension for WindowsStandalone target not found
Native extension for WebGL target not found
Refreshing native plugins compatible for Editor in 210.54 ms, found 4 plugins.
Preloading 0 native plugins for Editor in 0.00 ms.
Mono: successfully reloaded assembly
- Completed reload, in  1.267 seconds
Domain Reload Profiling:
	ReloadAssembly (1268ms)
		BeginReloadAssembly (126ms)
			ExecutionOrderSort (0ms)
			DisableScriptedObjects (0ms)
			BackupInstance (0ms)
			ReleaseScriptingObjects (0ms)
			CreateAndSetChildDomain (4ms)
		EndReloadAssembly (980ms)
			LoadAssemblies (120ms)
			RebuildTransferFunctionScriptingTraits (0ms)
			SetupTypeCache (177ms)
			ReleaseScriptCaches (0ms)
			RebuildScriptCaches (55ms)
			SetupLoadedEditorAssemblies (674ms)
				LogAssemblyErrors (0ms)
				InitializePlatformSupportModulesInManaged (12ms)
				SetLoadedEditorAssemblies (0ms)
				RefreshPlugins (211ms)
				BeforeProcessingInitializeOnLoad (5ms)
				ProcessInitializeOnLoadAttributes (379ms)
				ProcessInitializeOnLoadMethodAttributes (68ms)
				AfterProcessingInitializeOnLoad (0ms)
				EditorAssembliesLoaded (0ms)
			ExecutionOrderSort2 (0ms)
			AwakeInstancesAfterBackupRestoration (0ms)
Platform modules already initialized, skipping
Registering precompiled user dll's ...
Registered in 0.009660 seconds.
Begin MonoManager ReloadAssembly
Symbol file LoadedFromMemory doesn't match image C:\Users\Administrator\My project (1)\Library\PackageCache\com.unity.visualscripting@1.7.8\Editor\VisualScripting.Core\Dependencies\YamlDotNet\Unity.VisualScripting.YamlDotNet.dll
Symbol file LoadedFromMemory doesn't match image C:\Users\Administrator\My project (1)\Library\PackageCache\com.unity.visualscripting@1.7.8\Editor\VisualScripting.Core\Dependencies\DotNetZip\Unity.VisualScripting.IonicZip.dll
Native extension for WindowsStandalone target not found
Native extension for WebGL target not found
Refreshing native plugins compatible for Editor in 167.10 ms, found 4 plugins.
Preloading 0 native plugins for Editor in 0.00 ms.
Mono: successfully reloaded assembly
- Completed reload, in  2.329 seconds
Domain Reload Profiling:
	ReloadAssembly (2331ms)
		BeginReloadAssembly (199ms)
			ExecutionOrderSort (0ms)
			DisableScriptedObjects (10ms)
			BackupInstance (0ms)
			ReleaseScriptingObjects (0ms)
			CreateAndSetChildDomain (33ms)
		EndReloadAssembly (1946ms)
			LoadAssemblies (142ms)
			RebuildTransferFunctionScriptingTraits (0ms)
			SetupTypeCache (714ms)
			ReleaseScriptCaches (1ms)
			RebuildScriptCaches (108ms)
			SetupLoadedEditorAssemblies (871ms)
				LogAssemblyErrors (0ms)
				InitializePlatformSupportModulesInManaged (26ms)
				SetLoadedEditorAssemblies (1ms)
				RefreshPlugins (167ms)
				BeforeProcessingInitializeOnLoad (171ms)
				ProcessInitializeOnLoadAttributes (418ms)
				ProcessInitializeOnLoadMethodAttributes (79ms)
				AfterProcessingInitializeOnLoad (9ms)
				EditorAssembliesLoaded (0ms)
			ExecutionOrderSort2 (0ms)
			AwakeInstancesAfterBackupRestoration (11ms)
Platform modules already initialized, skipping
========================================================================
Worker process is ready to serve import requests
Launched and connected shader compiler UnityShaderCompiler.exe after 0.09 seconds
Refreshing native plugins compatible for Editor in 1.55 ms, found 4 plugins.
Preloading 0 native plugins for Editor in 0.00 ms.
Unloading 4068 Unused Serialized files (Serialized files now loaded: 0)
Unloading 44 unused Assets / (229.4 KB). Loaded Objects now: 4518.
Memory consumption went from 151.4 MB to 151.2 MB.
Total: 5.178500 ms (FindLiveObjects: 0.450100 ms CreateObjectMapping: 0.484800 ms MarkObjects: 4.018600 ms  DeleteObjects: 0.223600 ms)

AssetImportParameters requested are different than current active one (requested -> active):
  custom:video-decoder-ogg-theora: a1e56fd34408186e4bbccfd4996cb3dc -> 
  custom:container-muxer-webm: aa71ff27fc2769a1b78a27578f13a17b -> 
  custom:container-demuxer-webm: 4f35f7cbe854078d1ac9338744f61a02 -> 
  custom:video-encoder-webm-vp8: eb34c28f22e8b96e1ab97ce403110664 -> 
  custom:audio-encoder-webm-vorbis: bf7c407c2cedff20999df2af8eb42d56 -> 
  custom:framework-win-MediaFoundation: 216162199b28c13a410421893ffa2e32 -> 
  custom:container-demuxer-ogg: 62fdf1f143b41e24485cea50d1cbac27 -> 
  custom:video-decoder-webm-vp8: 9c59270c3fd7afecdb556c50c9e8de78 -> 
  custom:audio-decoder-ogg-vorbis: bf7c407c2cedff20999df2af8eb42d56 -> 
========================================================================
Received Import Request.
  Time since last request: 84178.014999 seconds.
  path: Assets/Sprites/BrickBlood2Floor.png
  artifactKey: Guid(0dc23116dabadda4587106e72a602a87) Importer(815301076,1909f56bfc062723c751e8b465ee728b)
Start importing Assets/Sprites/BrickBlood2Floor.png using Guid(0dc23116dabadda4587106e72a602a87) Importer(815301076,1909f56bfc062723c751e8b465ee728b)  -> (artifact id: '406498005cacb49c71f43bf810dd6aea') in 0.203400 seconds 
========================================================================
Received Import Request.
  Time since last request: 112.727323 seconds.
  path: Assets/Sprites/Brick1.png
  artifactKey: Guid(a9fd0ed0283cf134d93054948e04b265) Importer(815301076,1909f56bfc062723c751e8b465ee728b)
Start importing Assets/Sprites/Brick1.png using Guid(a9fd0ed0283cf134d93054948e04b265) Importer(815301076,1909f56bfc062723c751e8b465ee728b)  -> (artifact id: '7ab565b20a8b13307ae44df554936e33') in 0.028188 seconds 
========================================================================
Received Import Request.
  Time since last request: 6.259616 seconds.
  path: Assets/Sprites/BrickBlood.png
  artifactKey: Guid(d2973153c0a12ae4ca452dd18127190b) Importer(815301076,1909f56bfc062723c751e8b465ee728b)
Start importing Assets/Sprites/BrickBlood.png using Guid(d2973153c0a12ae4ca452dd18127190b) Importer(815301076,1909f56bfc062723c751e8b465ee728b)  -> (artifact id: '927ad5246abb5ac1a31b7d3111080cba') in 0.029690 seconds 
========================================================================
Received Import Request.
  Time since last request: 24.912595 seconds.
  path: Assets/Sprites/BrickBlood2.png
  artifactKey: Guid(7df85dba8dc086a41b589ae1638a5974) Importer(815301076,1909f56bfc062723c751e8b465ee728b)
Start importing Assets/Sprites/BrickBlood2.png using Guid(7df85dba8dc086a41b589ae1638a5974) Importer(815301076,1909f56bfc062723c751e8b465ee728b)  -> (artifact id: '2ea055b7c2ddcbf77b193eb9db95d193') in 0.026977 seconds 
========================================================================
Received Import Request.
  Time since last request: 37.325561 seconds.
  path: Assets/Sprites/BrickBlood3.png
  artifactKey: Guid(5e471cfc4423bce44ad65a0391bfa2c2) Importer(815301076,1909f56bfc062723c751e8b465ee728b)
Start importing Assets/Sprites/BrickBlood3.png using Guid(5e471cfc4423bce44ad65a0391bfa2c2) Importer(815301076,1909f56bfc062723c751e8b465ee728b)  -> (artifact id: 'd230aaac9c7413e8eafa53cc704b77ed') in 0.031965 seconds 
========================================================================
Received Import Request.
  Time since last request: 24.130473 seconds.
  path: Assets/Sprites/BrickCracked.png
  artifactKey: Guid(a565d963bba2e1f4ea6cb730a87e41cc) Importer(815301076,1909f56bfc062723c751e8b465ee728b)
Start importing Assets/Sprites/BrickCracked.png using Guid(a565d963bba2e1f4ea6cb730a87e41cc) Importer(815301076,1909f56bfc062723c751e8b465ee728b)  -> (artifact id: '07ad0e96bbf7dbdf92e68ecc544f4fb0') in 0.031291 seconds 
========================================================================
Received Import Request.
  Time since last request: 4.264460 seconds.
  path: Assets/Sprites/BrickCracked2.png
  artifactKey: Guid(6981b12beb07937419022aaa727b3081) Importer(815301076,1909f56bfc062723c751e8b465ee728b)
Start importing Assets/Sprites/BrickCracked2.png using Guid(6981b12beb07937419022aaa727b3081) Importer(815301076,1909f56bfc062723c751e8b465ee728b)  -> (artifact id: '68e4e3360a6bc8dd7fb508c87dc1b32a') in 0.029414 seconds 
========================================================================
Received Import Request.
  Time since last request: 9.758764 seconds.
  path: Assets/Sprites/BrickCracked3.png
  artifactKey: Guid(296491b2ea4003749b761152bace74f1) Importer(815301076,1909f56bfc062723c751e8b465ee728b)
Start importing Assets/Sprites/BrickCracked3.png using Guid(296491b2ea4003749b761152bace74f1) Importer(815301076,1909f56bfc062723c751e8b465ee728b)  -> (artifact id: '509044123ec1285223a6e857bdfcfcc8') in 0.029416 seconds 
========================================================================
Received Import Request.
  Time since last request: 3.158949 seconds.
  path: Assets/Sprites/BrickFloor.png
  artifactKey: Guid(c4cef2737406f164ba617b02cd597a29) Importer(815301076,1909f56bfc062723c751e8b465ee728b)
Start importing Assets/Sprites/BrickFloor.png using Guid(c4cef2737406f164ba617b02cd597a29) Importer(815301076,1909f56bfc062723c751e8b465ee728b)  -> (artifact id: 'e20217bd3cacdd772fe8e2db747c44ad') in 0.028713 seconds 
========================================================================
Received Import Request.
  Time since last request: 37.924275 seconds.
  path: Assets/Sprites/BrickVines.png
  artifactKey: Guid(20af959f9d9f8d649b503588e703a09b) Importer(815301076,1909f56bfc062723c751e8b465ee728b)
Start importing Assets/Sprites/BrickVines.png using Guid(20af959f9d9f8d649b503588e703a09b) Importer(815301076,1909f56bfc062723c751e8b465ee728b)  -> (artifact id: '150edd1922688a3ed740730f208d02be') in 0.027492 seconds 
========================================================================
Received Import Request.
  Time since last request: 4.985675 seconds.
  path: Assets/Sprites/BrickVines2.png
  artifactKey: Guid(7882125ce67126a4b80f45d4641a5c0c) Importer(815301076,1909f56bfc062723c751e8b465ee728b)
Start importing Assets/Sprites/BrickVines2.png using Guid(7882125ce67126a4b80f45d4641a5c0c) Importer(815301076,1909f56bfc062723c751e8b465ee728b)  -> (artifact id: 'cc301ab1dc33b0784adffa2a3b8037ec') in 0.028084 seconds 
========================================================================
Received Import Request.
  Time since last request: 4.487785 seconds.
  path: Assets/Sprites/BrickWallLeft.png
  artifactKey: Guid(06c17491d5b582d469f683d4c7709e4c) Importer(815301076,1909f56bfc062723c751e8b465ee728b)
Start importing Assets/Sprites/BrickWallLeft.png using Guid(06c17491d5b582d469f683d4c7709e4c) Importer(815301076,1909f56bfc062723c751e8b465ee728b)  -> (artifact id: 'dcd3824d6549ad74c00daa1aadd20927') in 0.029524 seconds 
========================================================================
Received Import Request.
  Time since last request: 35.656407 seconds.
  path: Assets/Sprites/BrickWallLeftVines.png
  artifactKey: Guid(529fba863674526439a5d8c7a9f6f19a) Importer(815301076,1909f56bfc062723c751e8b465ee728b)
Start importing Assets/Sprites/BrickWallLeftVines.png using Guid(529fba863674526439a5d8c7a9f6f19a) Importer(815301076,1909f56bfc062723c751e8b465ee728b)  -> (artifact id: '7ef7e525e466172d25976c2d25c5a9ad') in 0.032126 seconds 
========================================================================
Received Import Request.
  Time since last request: 4.697226 seconds.
  path: Assets/Sprites/BrickWallRight.png
  artifactKey: Guid(c4ddc02dc26cbd143864482a898debf7) Importer(815301076,1909f56bfc062723c751e8b465ee728b)
Start importing Assets/Sprites/BrickWallRight.png using Guid(c4ddc02dc26cbd143864482a898debf7) Importer(815301076,1909f56bfc062723c751e8b465ee728b)  -> (artifact id: '595b24d15fb668525c971bb106faba55') in 0.028374 seconds 
========================================================================
Received Import Request.
  Time since last request: 27.712026 seconds.
  path: Assets/Sprites/BrickWallRightVines.png
  artifactKey: Guid(c01a5f57b27700845a830ca84d907089) Importer(815301076,1909f56bfc062723c751e8b465ee728b)
Start importing Assets/Sprites/BrickWallRightVines.png using Guid(c01a5f57b27700845a830ca84d907089) Importer(815301076,1909f56bfc062723c751e8b465ee728b)  -> (artifact id: 'cbf3351e59d227a99bd33c724d5e50ea') in 0.027003 seconds 
========================================================================
Received Import Request.
  Time since last request: 6.673138 seconds.
  path: Assets/Sprites/GrassCeiling.png
  artifactKey: Guid(ba6bb7a3d5d662649918127ce3265579) Importer(815301076,1909f56bfc062723c751e8b465ee728b)
Start importing Assets/Sprites/GrassCeiling.png using Guid(ba6bb7a3d5d662649918127ce3265579) Importer(815301076,1909f56bfc062723c751e8b465ee728b)  -> (artifact id: '2e17d5a4951bb8adc495a9b3163660f5') in 0.027671 seconds 
========================================================================
Received Import Request.
  Time since last request: 9.637410 seconds.
  path: Assets/Sprites/GrassLeft.png
  artifactKey: Guid(ddead4b1501d1c7468f0475ba7ca959e) Importer(815301076,1909f56bfc062723c751e8b465ee728b)
Start importing Assets/Sprites/GrassLeft.png using Guid(ddead4b1501d1c7468f0475ba7ca959e) Importer(815301076,1909f56bfc062723c751e8b465ee728b)  -> (artifact id: 'ae491b68b417a9dddf7cb09348c99c67') in 0.030609 seconds 
========================================================================
Received Import Request.
  Time since last request: 13.590023 seconds.
  path: Assets/Sprites/GrassRight.png
  artifactKey: Guid(dfed082342ae8794fa8b8bb968d1cd63) Importer(815301076,1909f56bfc062723c751e8b465ee728b)
Start importing Assets/Sprites/GrassRight.png using Guid(dfed082342ae8794fa8b8bb968d1cd63) Importer(815301076,1909f56bfc062723c751e8b465ee728b)  -> (artifact id: 'f194780b41359b4cb8ad44d50c8f3e0c') in 0.027537 seconds 
========================================================================
Received Import Request.
  Time since last request: 3.784346 seconds.
  path: Assets/Sprites/InfrontVines.png
  artifactKey: Guid(179f763fab23a48489122ccd400cf0a6) Importer(815301076,1909f56bfc062723c751e8b465ee728b)
Start importing Assets/Sprites/InfrontVines.png using Guid(179f763fab23a48489122ccd400cf0a6) Importer(815301076,1909f56bfc062723c751e8b465ee728b)  -> (artifact id: '3da54042a7fa4337f76730b8daed9050') in 0.030668 seconds 
========================================================================
Received Import Request.
  Time since last request: 5.076446 seconds.
  path: Assets/Sprites/InfrontVines2.png
  artifactKey: Guid(21470b46e57e7604e96466ae44b5e6c8) Importer(815301076,1909f56bfc062723c751e8b465ee728b)
Start importing Assets/Sprites/InfrontVines2.png using Guid(21470b46e57e7604e96466ae44b5e6c8) Importer(815301076,1909f56bfc062723c751e8b465ee728b)  -> (artifact id: 'b3d23f1fe70a6fd0151084a8b8dcb41c') in 0.032079 seconds 
========================================================================
Received Import Request.
  Time since last request: 4.240394 seconds.
  path: Assets/Sprites/ShortGrass.png
  artifactKey: Guid(14c9bcdbc2f18294686987004fd40d1b) Importer(815301076,1909f56bfc062723c751e8b465ee728b)
Start importing Assets/Sprites/ShortGrass.png using Guid(14c9bcdbc2f18294686987004fd40d1b) Importer(815301076,1909f56bfc062723c751e8b465ee728b)  -> (artifact id: '8c5157a31297a701fb6e87a7eb4f59bf') in 0.028900 seconds 
========================================================================
Received Import Request.
  Time since last request: 5.151793 seconds.
  path: Assets/Sprites/ShortGrass2.png
  artifactKey: Guid(df0d884cbeab93e4e872bcb82244598f) Importer(815301076,1909f56bfc062723c751e8b465ee728b)
Start importing Assets/Sprites/ShortGrass2.png using Guid(df0d884cbeab93e4e872bcb82244598f) Importer(815301076,1909f56bfc062723c751e8b465ee728b)  -> (artifact id: 'c71548dd56eef8b0fee349499276ee0a') in 0.025310 seconds 
========================================================================
Received Import Request.
  Time since last request: 4.684002 seconds.
  path: Assets/Sprites/ShortGrass3.png
  artifactKey: Guid(d40bd919699c8f14e9a2522d336f580f) Importer(815301076,1909f56bfc062723c751e8b465ee728b)
Start importing Assets/Sprites/ShortGrass3.png using Guid(d40bd919699c8f14e9a2522d336f580f) Importer(815301076,1909f56bfc062723c751e8b465ee728b)  -> (artifact id: 'd08c0e3e2643739d6906432b2d4a82b6') in 0.028110 seconds 
========================================================================
Received Import Request.
  Time since last request: 5.018755 seconds.
  path: Assets/Sprites/TallGrass.png
  artifactKey: Guid(4fdb367e350b8a74aa88b1fd2befa6c7) Importer(815301076,1909f56bfc062723c751e8b465ee728b)
Start importing Assets/Sprites/TallGrass.png using Guid(4fdb367e350b8a74aa88b1fd2befa6c7) Importer(815301076,1909f56bfc062723c751e8b465ee728b)  -> (artifact id: 'c3f23cdfccc14ad0346e56321d96f5cb') in 0.023588 seconds 
========================================================================
Received Import Request.
  Time since last request: 4.349325 seconds.
  path: Assets/Sprites/TallGrass2.png
  artifactKey: Guid(d83b110bfd10677469cc31888968e2c5) Importer(815301076,1909f56bfc062723c751e8b465ee728b)
Start importing Assets/Sprites/TallGrass2.png using Guid(d83b110bfd10677469cc31888968e2c5) Importer(815301076,1909f56bfc062723c751e8b465ee728b)  -> (artifact id: '75664e078a6330803a08c55dfa8447b2') in 0.026814 seconds 
========================================================================
Received Import Request.
  Time since last request: 4.690979 seconds.
  path: Assets/Sprites/VineLong.png
  artifactKey: Guid(e352e8fcc0e9dbb4284dd4b2393aa165) Importer(815301076,1909f56bfc062723c751e8b465ee728b)
Start importing Assets/Sprites/VineLong.png using Guid(e352e8fcc0e9dbb4284dd4b2393aa165) Importer(815301076,1909f56bfc062723c751e8b465ee728b)  -> (artifact id: '5e80e5d3c8af4502c4fada187b601374') in 0.028109 seconds 
========================================================================
Received Import Request.
  Time since last request: 12.816944 seconds.
  path: Assets/Sprites/VinesCornerleft.png
  artifactKey: Guid(f691ba513df09b2478d2e11956a51c32) Importer(815301076,1909f56bfc062723c751e8b465ee728b)
Start importing Assets/Sprites/VinesCornerleft.png using Guid(f691ba513df09b2478d2e11956a51c32) Importer(815301076,1909f56bfc062723c751e8b465ee728b)  -> (artifact id: '79b0e81572cd9bb61c22562547a32713') in 0.034521 seconds 
========================================================================
Received Import Request.
  Time since last request: 9.245095 seconds.
  path: Assets/Sprites/VinesCornerRight.png
  artifactKey: Guid(f95bf846352cd9e47bd8b91614745646) Importer(815301076,1909f56bfc062723c751e8b465ee728b)
Start importing Assets/Sprites/VinesCornerRight.png using Guid(f95bf846352cd9e47bd8b91614745646) Importer(815301076,1909f56bfc062723c751e8b465ee728b)  -> (artifact id: '0ffe5806163cc90e08b40b824da6c5d7') in 0.056467 seconds 
========================================================================
Received Import Request.
  Time since last request: 245.645150 seconds.
  path: Assets/Sprites/BrickBlood2Floor.png
  artifactKey: Guid(0dc23116dabadda4587106e72a602a87) Importer(815301076,1909f56bfc062723c751e8b465ee728b)
Start importing Assets/Sprites/BrickBlood2Floor.png using Guid(0dc23116dabadda4587106e72a602a87) Importer(815301076,1909f56bfc062723c751e8b465ee728b)  -> (artifact id: '9f6cae947548c838a88791c6a7f677fd') in 0.028767 seconds 
========================================================================
Received Import Request.
  Time since last request: 20.677986 seconds.
  path: Assets/Sprites/BrickBlood2Floor.png
  artifactKey: Guid(0dc23116dabadda4587106e72a602a87) Importer(815301076,1909f56bfc062723c751e8b465ee728b)
Start importing Assets/Sprites/BrickBlood2Floor.png using Guid(0dc23116dabadda4587106e72a602a87) Importer(815301076,1909f56bfc062723c751e8b465ee728b)  -> (artifact id: '823a37aa46f071bce5493e644662b0c6') in 0.028383 seconds 
========================================================================
Received Import Request.
  Time since last request: 65.015233 seconds.
  path: Assets/Sprites/Brick1.png
  artifactKey: Guid(a9fd0ed0283cf134d93054948e04b265) Importer(815301076,1909f56bfc062723c751e8b465ee728b)
Start importing Assets/Sprites/Brick1.png using Guid(a9fd0ed0283cf134d93054948e04b265) Importer(815301076,1909f56bfc062723c751e8b465ee728b)  -> (artifact id: '0268c9621218e861a6a49746d9bb7913') in 0.021708 seconds 
========================================================================
Received Import Request.
  Time since last request: 6.552408 seconds.
  path: Assets/Sprites/BrickBlood.png
  artifactKey: Guid(d2973153c0a12ae4ca452dd18127190b) Importer(815301076,1909f56bfc062723c751e8b465ee728b)
Start importing Assets/Sprites/BrickBlood.png using Guid(d2973153c0a12ae4ca452dd18127190b) Importer(815301076,1909f56bfc062723c751e8b465ee728b)  -> (artifact id: '071bd4a79b0f46f2bd9f7fb618780fa1') in 0.018397 seconds 
========================================================================
Received Import Request.
  Time since last request: 5.738677 seconds.
  path: Assets/Sprites/BrickBlood2.png
  artifactKey: Guid(7df85dba8dc086a41b589ae1638a5974) Importer(815301076,1909f56bfc062723c751e8b465ee728b)
Start importing Assets/Sprites/BrickBlood2.png using Guid(7df85dba8dc086a41b589ae1638a5974) Importer(815301076,1909f56bfc062723c751e8b465ee728b)  -> (artifact id: '6674b707832d7d7409fd481aa0ad5553') in 0.031541 seconds 
========================================================================
Received Import Request.
  Time since last request: 14.578639 seconds.
  path: Assets/Sprites/BrickBlood3.png
  artifactKey: Guid(5e471cfc4423bce44ad65a0391bfa2c2) Importer(815301076,1909f56bfc062723c751e8b465ee728b)
Start importing Assets/Sprites/BrickBlood3.png using Guid(5e471cfc4423bce44ad65a0391bfa2c2) Importer(815301076,1909f56bfc062723c751e8b465ee728b)  -> (artifact id: 'afce1a683032d39e00db44c753f01586') in 0.036336 seconds 
========================================================================
Received Import Request.
  Time since last request: 5.678270 seconds.
  path: Assets/Sprites/BrickCracked.png
  artifactKey: Guid(a565d963bba2e1f4ea6cb730a87e41cc) Importer(815301076,1909f56bfc062723c751e8b465ee728b)
Start importing Assets/Sprites/BrickCracked.png using Guid(a565d963bba2e1f4ea6cb730a87e41cc) Importer(815301076,1909f56bfc062723c751e8b465ee728b)  -> (artifact id: '309cc6aee3832dc7061e30123018b2bf') in 0.033431 seconds 
========================================================================
Received Import Request.
  Time since last request: 7.406208 seconds.
  path: Assets/Sprites/BrickCracked2.png
  artifactKey: Guid(6981b12beb07937419022aaa727b3081) Importer(815301076,1909f56bfc062723c751e8b465ee728b)
Start importing Assets/Sprites/BrickCracked2.png using Guid(6981b12beb07937419022aaa727b3081) Importer(815301076,1909f56bfc062723c751e8b465ee728b)  -> (artifact id: '938e4e1de48aec23d580840dc5676dfc') in 0.036684 seconds 
========================================================================
Received Import Request.
  Time since last request: 7.133318 seconds.
  path: Assets/Sprites/BrickCracked3.png
  artifactKey: Guid(296491b2ea4003749b761152bace74f1) Importer(815301076,1909f56bfc062723c751e8b465ee728b)
Start importing Assets/Sprites/BrickCracked3.png using Guid(296491b2ea4003749b761152bace74f1) Importer(815301076,1909f56bfc062723c751e8b465ee728b)  -> (artifact id: 'b8ea08e320bb777ad40718d6ea509a6e') in 0.024858 seconds 
========================================================================
Received Import Request.
  Time since last request: 5.884037 seconds.
  path: Assets/Sprites/BrickFloor.png
  artifactKey: Guid(c4cef2737406f164ba617b02cd597a29) Importer(815301076,1909f56bfc062723c751e8b465ee728b)
Start importing Assets/Sprites/BrickFloor.png using Guid(c4cef2737406f164ba617b02cd597a29) Importer(815301076,1909f56bfc062723c751e8b465ee728b)  -> (artifact id: 'd1149bfbf0ea25e5c90a01504d44d545') in 0.026315 seconds 
========================================================================
Received Import Request.
  Time since last request: 8.770766 seconds.
  path: Assets/Sprites/BrickVines.png
  artifactKey: Guid(20af959f9d9f8d649b503588e703a09b) Importer(815301076,1909f56bfc062723c751e8b465ee728b)
Start importing Assets/Sprites/BrickVines.png using Guid(20af959f9d9f8d649b503588e703a09b) Importer(815301076,1909f56bfc062723c751e8b465ee728b)  -> (artifact id: '005666e344d8fd9fb94187cd5f3cb090') in 0.025232 seconds 
========================================================================
Received Import Request.
  Time since last request: 17.463248 seconds.
  path: Assets/Sprites/BrickVines2.png
  artifactKey: Guid(7882125ce67126a4b80f45d4641a5c0c) Importer(815301076,1909f56bfc062723c751e8b465ee728b)
Start importing Assets/Sprites/BrickVines2.png using Guid(7882125ce67126a4b80f45d4641a5c0c) Importer(815301076,1909f56bfc062723c751e8b465ee728b)  -> (artifact id: 'c8069bd68291ef7534161baa567c84f0') in 0.033481 seconds 
========================================================================
Received Import Request.
  Time since last request: 8.480872 seconds.
  path: Assets/Sprites/BrickWallLeft.png
  artifactKey: Guid(06c17491d5b582d469f683d4c7709e4c) Importer(815301076,1909f56bfc062723c751e8b465ee728b)
Start importing Assets/Sprites/BrickWallLeft.png using Guid(06c17491d5b582d469f683d4c7709e4c) Importer(815301076,1909f56bfc062723c751e8b465ee728b)  -> (artifact id: '5de2685d0a70fed8da548d733363f0bd') in 0.035530 seconds 
========================================================================
Received Import Request.
  Time since last request: 12.481736 seconds.
  path: Assets/Sprites/BrickWallLeftVines.png
  artifactKey: Guid(529fba863674526439a5d8c7a9f6f19a) Importer(815301076,1909f56bfc062723c751e8b465ee728b)
Start importing Assets/Sprites/BrickWallLeftVines.png using Guid(529fba863674526439a5d8c7a9f6f19a) Importer(815301076,1909f56bfc062723c751e8b465ee728b)  -> (artifact id: 'a30b92e254a17c42c8d6d83d07a91f7f') in 0.020182 seconds 
========================================================================
Received Import Request.
  Time since last request: 6.329973 seconds.
  path: Assets/Sprites/BrickWallRight.png
  artifactKey: Guid(c4ddc02dc26cbd143864482a898debf7) Importer(815301076,1909f56bfc062723c751e8b465ee728b)
Start importing Assets/Sprites/BrickWallRight.png using Guid(c4ddc02dc26cbd143864482a898debf7) Importer(815301076,1909f56bfc062723c751e8b465ee728b)  -> (artifact id: '3848d9949b0c54097f8d1125e0cab90a') in 0.026532 seconds 
========================================================================
Received Import Request.
  Time since last request: 4.176196 seconds.
  path: Assets/Sprites/BrickWallRightVines.png
  artifactKey: Guid(c01a5f57b27700845a830ca84d907089) Importer(815301076,1909f56bfc062723c751e8b465ee728b)
Start importing Assets/Sprites/BrickWallRightVines.png using Guid(c01a5f57b27700845a830ca84d907089) Importer(815301076,1909f56bfc062723c751e8b465ee728b)  -> (artifact id: '5784e1b39b59b320031738ae3c5505b1') in 0.066585 seconds 
========================================================================
Received Import Request.
  Time since last request: 4.113507 seconds.
  path: Assets/Sprites/GrassCeiling.png
  artifactKey: Guid(ba6bb7a3d5d662649918127ce3265579) Importer(815301076,1909f56bfc062723c751e8b465ee728b)
Start importing Assets/Sprites/GrassCeiling.png using Guid(ba6bb7a3d5d662649918127ce3265579) Importer(815301076,1909f56bfc062723c751e8b465ee728b)  -> (artifact id: '83849f68512aedcfaba21a82c7a0389f') in 0.023194 seconds 
========================================================================
Received Import Request.
  Time since last request: 6.165791 seconds.
  path: Assets/Sprites/GrassLeft.png
  artifactKey: Guid(ddead4b1501d1c7468f0475ba7ca959e) Importer(815301076,1909f56bfc062723c751e8b465ee728b)
Start importing Assets/Sprites/GrassLeft.png using Guid(ddead4b1501d1c7468f0475ba7ca959e) Importer(815301076,1909f56bfc062723c751e8b465ee728b)  -> (artifact id: 'db69077f712de405c38eb158613fff66') in 0.028610 seconds 
========================================================================
Received Import Request.
  Time since last request: 6.814519 seconds.
  path: Assets/Sprites/GrassRight.png
  artifactKey: Guid(dfed082342ae8794fa8b8bb968d1cd63) Importer(815301076,1909f56bfc062723c751e8b465ee728b)
Start importing Assets/Sprites/GrassRight.png using Guid(dfed082342ae8794fa8b8bb968d1cd63) Importer(815301076,1909f56bfc062723c751e8b465ee728b)  -> (artifact id: 'b53c7754623ac3a3e5101bb0b5b3390c') in 0.042954 seconds 
========================================================================
Received Import Request.
  Time since last request: 21.036078 seconds.
  path: Assets/Sprites/InfrontVines.png
  artifactKey: Guid(179f763fab23a48489122ccd400cf0a6) Importer(815301076,1909f56bfc062723c751e8b465ee728b)
Start importing Assets/Sprites/InfrontVines.png using Guid(179f763fab23a48489122ccd400cf0a6) Importer(815301076,1909f56bfc062723c751e8b465ee728b)  -> (artifact id: '9edf15938e5c90f1d1d5c8e849c52b2b') in 0.021680 seconds 
========================================================================
Received Import Request.
  Time since last request: 9.422786 seconds.
  path: Assets/Sprites/InfrontVines2.png
  artifactKey: Guid(21470b46e57e7604e96466ae44b5e6c8) Importer(815301076,1909f56bfc062723c751e8b465ee728b)
Start importing Assets/Sprites/InfrontVines2.png using Guid(21470b46e57e7604e96466ae44b5e6c8) Importer(815301076,1909f56bfc062723c751e8b465ee728b)  -> (artifact id: 'cef0d7f794827f479aabded8a33227ed') in 0.027035 seconds 
========================================================================
Received Import Request.
  Time since last request: 8.179379 seconds.
  path: Assets/Sprites/ShortGrass.png
  artifactKey: Guid(14c9bcdbc2f18294686987004fd40d1b) Importer(815301076,1909f56bfc062723c751e8b465ee728b)
Start importing Assets/Sprites/ShortGrass.png using Guid(14c9bcdbc2f18294686987004fd40d1b) Importer(815301076,1909f56bfc062723c751e8b465ee728b)  -> (artifact id: '157948db9c90922dd77c1da7567ec5d4') in 0.034217 seconds 
========================================================================
Received Import Request.
  Time since last request: 7.557703 seconds.
  path: Assets/Sprites/ShortGrass2.png
  artifactKey: Guid(df0d884cbeab93e4e872bcb82244598f) Importer(815301076,1909f56bfc062723c751e8b465ee728b)
Start importing Assets/Sprites/ShortGrass2.png using Guid(df0d884cbeab93e4e872bcb82244598f) Importer(815301076,1909f56bfc062723c751e8b465ee728b)  -> (artifact id: '9b8b0f635d05a9d5e44307c13b869917') in 0.036014 seconds 
========================================================================
Received Import Request.
  Time since last request: 24.146939 seconds.
  path: Assets/Sprites/ShortGrass3.png
  artifactKey: Guid(d40bd919699c8f14e9a2522d336f580f) Importer(815301076,1909f56bfc062723c751e8b465ee728b)
Start importing Assets/Sprites/ShortGrass3.png using Guid(d40bd919699c8f14e9a2522d336f580f) Importer(815301076,1909f56bfc062723c751e8b465ee728b)  -> (artifact id: '561903b90cae5d77bfaa695e1e5ca39a') in 0.030814 seconds 
========================================================================
Received Import Request.
  Time since last request: 5.484028 seconds.
  path: Assets/Sprites/TallGrass.png
  artifactKey: Guid(4fdb367e350b8a74aa88b1fd2befa6c7) Importer(815301076,1909f56bfc062723c751e8b465ee728b)
Start importing Assets/Sprites/TallGrass.png using Guid(4fdb367e350b8a74aa88b1fd2befa6c7) Importer(815301076,1909f56bfc062723c751e8b465ee728b)  -> (artifact id: '23e03c33f4f8a671a8ae7e81a1cfdf6b') in 0.027533 seconds 
========================================================================
Received Import Request.
  Time since last request: 7.386464 seconds.
  path: Assets/Sprites/TallGrass2.png
  artifactKey: Guid(d83b110bfd10677469cc31888968e2c5) Importer(815301076,1909f56bfc062723c751e8b465ee728b)
Start importing Assets/Sprites/TallGrass2.png using Guid(d83b110bfd10677469cc31888968e2c5) Importer(815301076,1909f56bfc062723c751e8b465ee728b)  -> (artifact id: '3f88ba6510bc80c288f2d8408bdb604d') in 0.037432 seconds 
========================================================================
Received Import Request.
  Time since last request: 5.394875 seconds.
  path: Assets/Sprites/VineLong.png
  artifactKey: Guid(e352e8fcc0e9dbb4284dd4b2393aa165) Importer(815301076,1909f56bfc062723c751e8b465ee728b)
Start importing Assets/Sprites/VineLong.png using Guid(e352e8fcc0e9dbb4284dd4b2393aa165) Importer(815301076,1909f56bfc062723c751e8b465ee728b)  -> (artifact id: 'a755f36653b02010a2cf1b83d686ea92') in 0.032598 seconds 
========================================================================
Received Import Request.
  Time since last request: 8.710052 seconds.
  path: Assets/Sprites/VinesCornerleft.png
  artifactKey: Guid(f691ba513df09b2478d2e11956a51c32) Importer(815301076,1909f56bfc062723c751e8b465ee728b)
Start importing Assets/Sprites/VinesCornerleft.png using Guid(f691ba513df09b2478d2e11956a51c32) Importer(815301076,1909f56bfc062723c751e8b465ee728b)  -> (artifact id: '3df2aa4a3a6128fbc5fa3f89e9186b4e') in 0.024710 seconds 
========================================================================
Received Import Request.
  Time since last request: 6.244808 seconds.
  path: Assets/Sprites/VinesCornerRight.png
  artifactKey: Guid(f95bf846352cd9e47bd8b91614745646) Importer(815301076,1909f56bfc062723c751e8b465ee728b)
Start importing Assets/Sprites/VinesCornerRight.png using Guid(f95bf846352cd9e47bd8b91614745646) Importer(815301076,1909f56bfc062723c751e8b465ee728b)  -> (artifact id: '1bb1ecbe4303a9c6aa087634a3772d87') in 0.036097 seconds 
